Using GATK jar /opt/conda/share/gatk4-4.5.0.0-0/gatk-package-4.5.0.0-local.jar
Running:
    java -Dsamjdk.use_async_io_read_samtools=false -Dsamjdk.use_async_io_write_samtools=true -Dsamjdk.use_async_io_write_tribble=false -Dsamjdk.compression_level=2 -jar /opt/conda/share/gatk4-4.5.0.0-0/gatk-package-4.5.0.0-local.jar GenomicsDBImport -V reads_son.bam.g.vcf -V reads_mother.bam.g.vcf -V reads_father.bam.g.vcf -L intervals.bed --genomicsdb-workspace-path family_trio_gdb
12:13:54.263 INFO  NativeLibraryLoader - Loading libgkl_compression.so from jar:file:/opt/conda/share/gatk4-4.5.0.0-0/gatk-package-4.5.0.0-local.jar!/com/intel/gkl/native/libgkl_compression.so
12:13:54.404 INFO  GenomicsDBImport - ------------------------------------------------------------
12:13:54.406 INFO  GenomicsDBImport - The Genome Analysis Toolkit (GATK) v4.5.0.0
12:13:54.406 INFO  GenomicsDBImport - For support and documentation go to https://software.broadinstitute.org/gatk/
12:13:54.406 INFO  GenomicsDBImport - Executing as root@8a607b01e80c on Linux v6.1.91-060191-generic amd64
12:13:54.407 INFO  GenomicsDBImport - Java runtime: OpenJDK 64-Bit Server VM v17.0.11-internal+0-adhoc..src
12:13:54.407 INFO  GenomicsDBImport - Start Date/Time: January 5, 2025 at 12:13:54 PM GMT
12:13:54.407 INFO  GenomicsDBImport - ------------------------------------------------------------
12:13:54.407 INFO  GenomicsDBImport - ------------------------------------------------------------
12:13:54.408 INFO  GenomicsDBImport - HTSJDK Version: 4.1.0
12:13:54.408 INFO  GenomicsDBImport - Picard Version: 3.1.1
12:13:54.408 INFO  GenomicsDBImport - Built for Spark Version: 3.5.0
12:13:54.409 INFO  GenomicsDBImport - HTSJDK Defaults.COMPRESSION_LEVEL : 2
12:13:54.409 INFO  GenomicsDBImport - HTSJDK Defaults.USE_ASYNC_IO_READ_FOR_SAMTOOLS : false
12:13:54.409 INFO  GenomicsDBImport - HTSJDK Defaults.USE_ASYNC_IO_WRITE_FOR_SAMTOOLS : true
12:13:54.409 INFO  GenomicsDBImport - HTSJDK Defaults.USE_ASYNC_IO_WRITE_FOR_TRIBBLE : false
12:13:54.409 INFO  GenomicsDBImport - Deflater: IntelDeflater
12:13:54.410 INFO  GenomicsDBImport - Inflater: IntelInflater
12:13:54.410 INFO  GenomicsDBImport - GCS max retries/reopens: 20
12:13:54.410 INFO  GenomicsDBImport - Requester pays: disabled
12:13:54.410 INFO  GenomicsDBImport - Initializing engine
12:13:54.583 INFO  FeatureManager - Using codec BEDCodec to read file file:///workspace/nextflow-training/hello-nextflow/hello-modules/work/c2/29ce0c21c90d5deb08468742f1198c/intervals.bed
12:13:54.587 INFO  IntervalArgumentCollection - Processing 6369 bp from intervals
12:13:54.590 INFO  GenomicsDBImport - Done initializing engine
12:13:54.779 INFO  GenomicsDBLibLoader - GenomicsDB native library version : 1.5.1-84e800e
12:13:54.779 INFO  GenomicsDBImport - Vid Map JSON file will be written to /workspace/nextflow-training/hello-nextflow/hello-modules/work/c2/29ce0c21c90d5deb08468742f1198c/family_trio_gdb/vidmap.json
12:13:54.780 INFO  GenomicsDBImport - Callset Map JSON file will be written to /workspace/nextflow-training/hello-nextflow/hello-modules/work/c2/29ce0c21c90d5deb08468742f1198c/family_trio_gdb/callset.json
12:13:54.780 INFO  GenomicsDBImport - Complete VCF Header will be written to /workspace/nextflow-training/hello-nextflow/hello-modules/work/c2/29ce0c21c90d5deb08468742f1198c/family_trio_gdb/vcfheader.vcf
12:13:54.780 INFO  GenomicsDBImport - Importing to workspace - /workspace/nextflow-training/hello-nextflow/hello-modules/work/c2/29ce0c21c90d5deb08468742f1198c/family_trio_gdb
12:13:54.931 INFO  GenomicsDBImport - Importing batch 1 with 3 samples
12:13:55.076 INFO  GenomicsDBImport - Importing batch 1 with 3 samples
12:13:55.176 INFO  GenomicsDBImport - Importing batch 1 with 3 samples
12:13:55.256 INFO  GenomicsDBImport - Done importing batch 1/1
12:13:55.257 INFO  GenomicsDBImport - Import completed!
12:13:55.257 INFO  GenomicsDBImport - Shutting down engine
[January 5, 2025 at 12:13:55 PM GMT] org.broadinstitute.hellbender.tools.genomicsdb.GenomicsDBImport done. Elapsed time: 0.02 minutes.
Runtime.totalMemory()=100663296
Using GATK jar /opt/conda/share/gatk4-4.5.0.0-0/gatk-package-4.5.0.0-local.jar
Running:
    java -Dsamjdk.use_async_io_read_samtools=false -Dsamjdk.use_async_io_write_samtools=true -Dsamjdk.use_async_io_write_tribble=false -Dsamjdk.compression_level=2 -jar /opt/conda/share/gatk4-4.5.0.0-0/gatk-package-4.5.0.0-local.jar GenotypeGVCFs -R ref.fasta -V gendb://family_trio_gdb -L intervals.bed -O family_trio.joint.vcf
12:13:56.908 INFO  NativeLibraryLoader - Loading libgkl_compression.so from jar:file:/opt/conda/share/gatk4-4.5.0.0-0/gatk-package-4.5.0.0-local.jar!/com/intel/gkl/native/libgkl_compression.so
12:13:57.046 INFO  GenotypeGVCFs - ------------------------------------------------------------
12:13:57.048 INFO  GenotypeGVCFs - The Genome Analysis Toolkit (GATK) v4.5.0.0
12:13:57.049 INFO  GenotypeGVCFs - For support and documentation go to https://software.broadinstitute.org/gatk/
12:13:57.049 INFO  GenotypeGVCFs - Executing as root@8a607b01e80c on Linux v6.1.91-060191-generic amd64
12:13:57.049 INFO  GenotypeGVCFs - Java runtime: OpenJDK 64-Bit Server VM v17.0.11-internal+0-adhoc..src
12:13:57.049 INFO  GenotypeGVCFs - Start Date/Time: January 5, 2025 at 12:13:56 PM GMT
12:13:57.049 INFO  GenotypeGVCFs - ------------------------------------------------------------
12:13:57.050 INFO  GenotypeGVCFs - ------------------------------------------------------------
12:13:57.050 INFO  GenotypeGVCFs - HTSJDK Version: 4.1.0
12:13:57.050 INFO  GenotypeGVCFs - Picard Version: 3.1.1
12:13:57.051 INFO  GenotypeGVCFs - Built for Spark Version: 3.5.0
12:13:57.051 INFO  GenotypeGVCFs - HTSJDK Defaults.COMPRESSION_LEVEL : 2
12:13:57.051 INFO  GenotypeGVCFs - HTSJDK Defaults.USE_ASYNC_IO_READ_FOR_SAMTOOLS : false
12:13:57.051 INFO  GenotypeGVCFs - HTSJDK Defaults.USE_ASYNC_IO_WRITE_FOR_SAMTOOLS : true
12:13:57.052 INFO  GenotypeGVCFs - HTSJDK Defaults.USE_ASYNC_IO_WRITE_FOR_TRIBBLE : false
12:13:57.052 INFO  GenotypeGVCFs - Deflater: IntelDeflater
12:13:57.052 INFO  GenotypeGVCFs - Inflater: IntelInflater
12:13:57.052 INFO  GenotypeGVCFs - GCS max retries/reopens: 20
12:13:57.052 INFO  GenotypeGVCFs - Requester pays: disabled
12:13:57.053 INFO  GenotypeGVCFs - Initializing engine
12:13:57.347 INFO  GenomicsDBLibLoader - GenomicsDB native library version : 1.5.1-84e800e
12:13:57.379 INFO  NativeGenomicsDB - pid=310 tid=311 No valid combination operation found for INFO field InbreedingCoeff  - the field will NOT be part of INFO fields in the generated VCF records
12:13:57.379 INFO  NativeGenomicsDB - pid=310 tid=311 No valid combination operation found for INFO field MLEAC  - the field will NOT be part of INFO fields in the generated VCF records
12:13:57.379 INFO  NativeGenomicsDB - pid=310 tid=311 No valid combination operation found for INFO field MLEAF  - the field will NOT be part of INFO fields in the generated VCF records
12:13:57.418 INFO  FeatureManager - Using codec BEDCodec to read file file:///workspace/nextflow-training/hello-nextflow/hello-modules/work/c2/29ce0c21c90d5deb08468742f1198c/intervals.bed
12:13:57.429 INFO  IntervalArgumentCollection - Processing 6369 bp from intervals
12:13:57.433 INFO  GenotypeGVCFs - Done initializing engine
12:13:57.461 INFO  ProgressMeter - Starting traversal
12:13:57.461 INFO  ProgressMeter -        Current Locus  Elapsed Minutes    Variants Processed  Variants/Minute
12:13:57.793 WARN  InbreedingCoeff - InbreedingCoeff will not be calculated at position 20_10037292_10066351:3480 and possibly subsequent; at least 10 samples must have called genotypes
GENOMICSDB_TIMER,GenomicsDB iterator next() timer,Wall-clock time(s),0.046194351999999966,Cpu time(s),0.04255358099999997
GENOMICSDB_TIMER,GenomicsDB iterator next() timer,Wall-clock time(s),0.022284867000000014,Cpu time(s),0.013863748000000004
GENOMICSDB_TIMER,GenomicsDB iterator next() timer,Wall-clock time(s),0.010095747999999998,Cpu time(s),0.009279329
12:13:58.502 INFO  ProgressMeter - 20_10037292_10066351:13953              0.0                  3390         195576.9
12:13:58.502 INFO  ProgressMeter - Traversal complete. Processed 3390 total variants in 0.0 minutes.
12:13:58.503 INFO  GenotypeGVCFs - Shutting down engine
[January 5, 2025 at 12:13:58 PM GMT] org.broadinstitute.hellbender.tools.walkers.GenotypeGVCFs done. Elapsed time: 0.03 minutes.
Runtime.totalMemory()=181403648
