Using GATK jar /opt/conda/share/gatk4-4.5.0.0-0/gatk-package-4.5.0.0-local.jar
Running:
    java -Dsamjdk.use_async_io_read_samtools=false -Dsamjdk.use_async_io_write_samtools=true -Dsamjdk.use_async_io_write_tribble=false -Dsamjdk.compression_level=2 -jar /opt/conda/share/gatk4-4.5.0.0-0/gatk-package-4.5.0.0-local.jar GenomicsDBImport -V reads_mother.bam.g.vcf -V reads_son.bam.g.vcf -V reads_father.bam.g.vcf -L intervals.bed --genomicsdb-workspace-path family_trio_gdb
13:44:42.557 INFO  NativeLibraryLoader - Loading libgkl_compression.so from jar:file:/opt/conda/share/gatk4-4.5.0.0-0/gatk-package-4.5.0.0-local.jar!/com/intel/gkl/native/libgkl_compression.so
13:44:42.702 INFO  GenomicsDBImport - ------------------------------------------------------------
13:44:42.705 INFO  GenomicsDBImport - The Genome Analysis Toolkit (GATK) v4.5.0.0
13:44:42.705 INFO  GenomicsDBImport - For support and documentation go to https://software.broadinstitute.org/gatk/
13:44:42.705 INFO  GenomicsDBImport - Executing as root@5549060a79f4 on Linux v6.1.91-060191-generic amd64
13:44:42.705 INFO  GenomicsDBImport - Java runtime: OpenJDK 64-Bit Server VM v17.0.11-internal+0-adhoc..src
13:44:42.705 INFO  GenomicsDBImport - Start Date/Time: January 4, 2025 at 1:44:42 PM GMT
13:44:42.706 INFO  GenomicsDBImport - ------------------------------------------------------------
13:44:42.706 INFO  GenomicsDBImport - ------------------------------------------------------------
13:44:42.706 INFO  GenomicsDBImport - HTSJDK Version: 4.1.0
13:44:42.707 INFO  GenomicsDBImport - Picard Version: 3.1.1
13:44:42.707 INFO  GenomicsDBImport - Built for Spark Version: 3.5.0
13:44:42.707 INFO  GenomicsDBImport - HTSJDK Defaults.COMPRESSION_LEVEL : 2
13:44:42.707 INFO  GenomicsDBImport - HTSJDK Defaults.USE_ASYNC_IO_READ_FOR_SAMTOOLS : false
13:44:42.707 INFO  GenomicsDBImport - HTSJDK Defaults.USE_ASYNC_IO_WRITE_FOR_SAMTOOLS : true
13:44:42.708 INFO  GenomicsDBImport - HTSJDK Defaults.USE_ASYNC_IO_WRITE_FOR_TRIBBLE : false
13:44:42.708 INFO  GenomicsDBImport - Deflater: IntelDeflater
13:44:42.708 INFO  GenomicsDBImport - Inflater: IntelInflater
13:44:42.708 INFO  GenomicsDBImport - GCS max retries/reopens: 20
13:44:42.708 INFO  GenomicsDBImport - Requester pays: disabled
13:44:42.709 INFO  GenomicsDBImport - Initializing engine
13:44:42.878 INFO  FeatureManager - Using codec BEDCodec to read file file:///workspace/gitpod/hello-nextflow/hello-modules/work/86/e6080c595db3ffb5186849315509b8/intervals.bed
13:44:42.881 INFO  IntervalArgumentCollection - Processing 6369 bp from intervals
13:44:42.883 INFO  GenomicsDBImport - Done initializing engine
13:44:43.122 INFO  GenomicsDBLibLoader - GenomicsDB native library version : 1.5.1-84e800e
13:44:43.123 INFO  GenomicsDBImport - Vid Map JSON file will be written to /workspace/gitpod/hello-nextflow/hello-modules/work/86/e6080c595db3ffb5186849315509b8/family_trio_gdb/vidmap.json
13:44:43.123 INFO  GenomicsDBImport - Callset Map JSON file will be written to /workspace/gitpod/hello-nextflow/hello-modules/work/86/e6080c595db3ffb5186849315509b8/family_trio_gdb/callset.json
13:44:43.124 INFO  GenomicsDBImport - Complete VCF Header will be written to /workspace/gitpod/hello-nextflow/hello-modules/work/86/e6080c595db3ffb5186849315509b8/family_trio_gdb/vcfheader.vcf
13:44:43.124 INFO  GenomicsDBImport - Importing to workspace - /workspace/gitpod/hello-nextflow/hello-modules/work/86/e6080c595db3ffb5186849315509b8/family_trio_gdb
13:44:43.304 INFO  GenomicsDBImport - Importing batch 1 with 3 samples
13:44:43.485 INFO  GenomicsDBImport - Importing batch 1 with 3 samples
13:44:43.591 INFO  GenomicsDBImport - Importing batch 1 with 3 samples
13:44:43.679 INFO  GenomicsDBImport - Done importing batch 1/1
13:44:43.680 INFO  GenomicsDBImport - Import completed!
13:44:43.680 INFO  GenomicsDBImport - Shutting down engine
[January 4, 2025 at 1:44:43 PM GMT] org.broadinstitute.hellbender.tools.genomicsdb.GenomicsDBImport done. Elapsed time: 0.02 minutes.
Runtime.totalMemory()=104857600
Tool returned:
true
Using GATK jar /opt/conda/share/gatk4-4.5.0.0-0/gatk-package-4.5.0.0-local.jar
Running:
    java -Dsamjdk.use_async_io_read_samtools=false -Dsamjdk.use_async_io_write_samtools=true -Dsamjdk.use_async_io_write_tribble=false -Dsamjdk.compression_level=2 -jar /opt/conda/share/gatk4-4.5.0.0-0/gatk-package-4.5.0.0-local.jar GenotypeGVCFs -R ref.fasta -V gendb://family_trio_gdb -L intervals.bed -O family_trio.joint.vcf
13:44:45.486 INFO  NativeLibraryLoader - Loading libgkl_compression.so from jar:file:/opt/conda/share/gatk4-4.5.0.0-0/gatk-package-4.5.0.0-local.jar!/com/intel/gkl/native/libgkl_compression.so
13:44:45.662 INFO  GenotypeGVCFs - ------------------------------------------------------------
13:44:45.664 INFO  GenotypeGVCFs - The Genome Analysis Toolkit (GATK) v4.5.0.0
13:44:45.664 INFO  GenotypeGVCFs - For support and documentation go to https://software.broadinstitute.org/gatk/
13:44:45.664 INFO  GenotypeGVCFs - Executing as root@5549060a79f4 on Linux v6.1.91-060191-generic amd64
13:44:45.665 INFO  GenotypeGVCFs - Java runtime: OpenJDK 64-Bit Server VM v17.0.11-internal+0-adhoc..src
13:44:45.665 INFO  GenotypeGVCFs - Start Date/Time: January 4, 2025 at 1:44:45 PM GMT
13:44:45.665 INFO  GenotypeGVCFs - ------------------------------------------------------------
13:44:45.665 INFO  GenotypeGVCFs - ------------------------------------------------------------
13:44:45.666 INFO  GenotypeGVCFs - HTSJDK Version: 4.1.0
13:44:45.666 INFO  GenotypeGVCFs - Picard Version: 3.1.1
13:44:45.666 INFO  GenotypeGVCFs - Built for Spark Version: 3.5.0
13:44:45.667 INFO  GenotypeGVCFs - HTSJDK Defaults.COMPRESSION_LEVEL : 2
13:44:45.667 INFO  GenotypeGVCFs - HTSJDK Defaults.USE_ASYNC_IO_READ_FOR_SAMTOOLS : false
13:44:45.667 INFO  GenotypeGVCFs - HTSJDK Defaults.USE_ASYNC_IO_WRITE_FOR_SAMTOOLS : true
13:44:45.667 INFO  GenotypeGVCFs - HTSJDK Defaults.USE_ASYNC_IO_WRITE_FOR_TRIBBLE : false
13:44:45.668 INFO  GenotypeGVCFs - Deflater: IntelDeflater
13:44:45.668 INFO  GenotypeGVCFs - Inflater: IntelInflater
13:44:45.668 INFO  GenotypeGVCFs - GCS max retries/reopens: 20
13:44:45.668 INFO  GenotypeGVCFs - Requester pays: disabled
13:44:45.669 INFO  GenotypeGVCFs - Initializing engine
13:44:45.999 INFO  GenomicsDBLibLoader - GenomicsDB native library version : 1.5.1-84e800e
13:44:46.034 INFO  NativeGenomicsDB - pid=309 tid=310 No valid combination operation found for INFO field InbreedingCoeff  - the field will NOT be part of INFO fields in the generated VCF records
13:44:46.034 INFO  NativeGenomicsDB - pid=309 tid=310 No valid combination operation found for INFO field MLEAC  - the field will NOT be part of INFO fields in the generated VCF records
13:44:46.035 INFO  NativeGenomicsDB - pid=309 tid=310 No valid combination operation found for INFO field MLEAF  - the field will NOT be part of INFO fields in the generated VCF records
13:44:46.071 INFO  FeatureManager - Using codec BEDCodec to read file file:///workspace/gitpod/hello-nextflow/hello-modules/work/86/e6080c595db3ffb5186849315509b8/intervals.bed
13:44:46.081 INFO  IntervalArgumentCollection - Processing 6369 bp from intervals
13:44:46.084 INFO  GenotypeGVCFs - Done initializing engine
13:44:46.112 INFO  ProgressMeter - Starting traversal
13:44:46.113 INFO  ProgressMeter -        Current Locus  Elapsed Minutes    Variants Processed  Variants/Minute
13:44:46.453 WARN  InbreedingCoeff - InbreedingCoeff will not be calculated at position 20_10037292_10066351:3480 and possibly subsequent; at least 10 samples must have called genotypes
GENOMICSDB_TIMER,GenomicsDB iterator next() timer,Wall-clock time(s),0.042070241999999945,Cpu time(s),0.0391023559999999
GENOMICSDB_TIMER,GenomicsDB iterator next() timer,Wall-clock time(s),0.017381663999999963,Cpu time(s),0.01566401500000001
GENOMICSDB_TIMER,GenomicsDB iterator next() timer,Wall-clock time(s),0.009978287000000004,Cpu time(s),0.00891585900000001
13:44:47.032 INFO  ProgressMeter - 20_10037292_10066351:13953              0.0                  3390         221327.5
13:44:47.033 INFO  ProgressMeter - Traversal complete. Processed 3390 total variants in 0.0 minutes.
13:44:47.035 INFO  GenotypeGVCFs - Shutting down engine
[January 4, 2025 at 1:44:47 PM GMT] org.broadinstitute.hellbender.tools.walkers.GenotypeGVCFs done. Elapsed time: 0.03 minutes.
Runtime.totalMemory()=85983232
