Jan-03 21:30:03.231 [main] DEBUG nextflow.cli.Launcher - $> nextflow run main.nf -profile my_laptop -params-file demo-params.json
Jan-03 21:30:03.735 [main] DEBUG nextflow.cli.CmdRun - N E X T F L O W  ~  version 24.10.0
Jan-03 21:30:03.833 [main] DEBUG nextflow.plugin.PluginsFacade - Setting up plugin manager > mode=prod; embedded=false; plugins-dir=/workspace/gitpod/.nextflow/plugins; core-plugins: nf-amazon@2.9.0,nf-azure@1.10.1,nf-cloudcache@0.4.2,nf-codecommit@0.2.2,nf-console@1.1.4,nf-google@1.15.2,nf-tower@1.9.3,nf-wave@1.7.2
Jan-03 21:30:03.928 [main] INFO  o.pf4j.DefaultPluginStatusProvider - Enabled plugins: []
Jan-03 21:30:03.929 [main] INFO  o.pf4j.DefaultPluginStatusProvider - Disabled plugins: []
Jan-03 21:30:03.933 [main] INFO  org.pf4j.DefaultPluginManager - PF4J version 3.12.0 in 'deployment' mode
Jan-03 21:30:03.947 [main] INFO  org.pf4j.AbstractPluginManager - No plugins
Jan-03 21:30:04.049 [main] DEBUG nextflow.config.ConfigBuilder - Found config local: /workspace/gitpod/hello-nextflow/hello-config/nextflow.config
Jan-03 21:30:04.052 [main] DEBUG nextflow.config.ConfigBuilder - Parsing config file: /workspace/gitpod/hello-nextflow/hello-config/nextflow.config
Jan-03 21:30:04.142 [main] DEBUG n.secret.LocalSecretsProvider - Secrets store: /workspace/gitpod/.nextflow/secrets/store.json
Jan-03 21:30:04.147 [main] DEBUG nextflow.secret.SecretsLoader - Discovered secrets providers: [nextflow.secret.LocalSecretsProvider@19542407] - activable => nextflow.secret.LocalSecretsProvider@19542407
Jan-03 21:30:04.251 [main] DEBUG nextflow.config.ConfigBuilder - Applying config profile: `my_laptop`
Jan-03 21:30:06.248 [main] DEBUG nextflow.config.ConfigBuilder - Available config profiles: [conda_on, my_laptop, univ_hpc, docker_on]
Jan-03 21:30:06.437 [main] DEBUG nextflow.cli.CmdRun - Applied DSL=2 by global default
Jan-03 21:30:06.526 [main] DEBUG nextflow.cli.CmdRun - Launching `main.nf` [furious_neumann] DSL2 - revision: 9cbd14647c
Jan-03 21:30:06.529 [main] DEBUG nextflow.plugin.PluginsFacade - Plugins default=[]
Jan-03 21:30:06.529 [main] DEBUG nextflow.plugin.PluginsFacade - Plugins resolved requirement=[]
Jan-03 21:30:06.738 [main] DEBUG nextflow.Session - Session UUID: d137c0be-7181-4b5f-90cd-db3e44e85cbd
Jan-03 21:30:06.738 [main] DEBUG nextflow.Session - Run name: furious_neumann
Jan-03 21:30:06.739 [main] DEBUG nextflow.Session - Executor pool size: 16
Jan-03 21:30:06.750 [main] DEBUG nextflow.file.FilePorter - File porter settings maxRetries=3; maxTransfers=50; pollTimeout=null
Jan-03 21:30:06.757 [main] DEBUG nextflow.util.ThreadPoolBuilder - Creating thread pool 'FileTransfer' minSize=10; maxSize=48; workQueue=LinkedBlockingQueue[10000]; allowCoreThreadTimeout=false
Jan-03 21:30:06.831 [main] DEBUG nextflow.cli.CmdRun - 
  Version: 24.10.0 build 5928
  Created: 27-10-2024 18:36 UTC 
  System: Linux 6.1.91-060191-generic
  Runtime: Groovy 4.0.23 on OpenJDK 64-Bit Server VM 17.0.13-internal+0-adhoc..src
  Encoding: UTF-8 (UTF-8)
  Process: 45153@nextflowio-training-imose2nk7dy [127.0.0.1]
  CPUs: 16 - Mem: 62.8 GB (17.9 GB) - Swap: 375 GB (374.7 GB)
Jan-03 21:30:06.859 [main] DEBUG nextflow.Session - Work-dir: /workspace/gitpod/hello-nextflow/hello-config/work [xfs]
Jan-03 21:30:06.860 [main] DEBUG nextflow.Session - Script base path does not exist or is not a directory: /workspace/gitpod/hello-nextflow/hello-config/bin
Jan-03 21:30:06.931 [main] DEBUG nextflow.executor.ExecutorFactory - Extension executors providers=[]
Jan-03 21:30:06.940 [main] DEBUG nextflow.Session - Observer factory: DefaultObserverFactory
Jan-03 21:30:07.029 [main] DEBUG nextflow.cache.CacheFactory - Using Nextflow cache factory: nextflow.cache.DefaultCacheFactory
Jan-03 21:30:07.042 [main] DEBUG nextflow.util.CustomThreadPool - Creating default thread pool > poolSize: 17; maxThreads: 1000
Jan-03 21:30:07.175 [main] DEBUG nextflow.Session - Session start
Jan-03 21:30:09.139 [main] DEBUG nextflow.script.ScriptRunner - > Launching execution
Jan-03 21:30:09.824 [main] DEBUG nextflow.executor.ExecutorFactory - << taskConfig executor: local
Jan-03 21:30:09.825 [main] DEBUG nextflow.executor.ExecutorFactory - >> processorType: 'local'
Jan-03 21:30:09.832 [main] DEBUG nextflow.executor.Executor - [warm up] executor > local
Jan-03 21:30:09.840 [main] DEBUG n.processor.LocalPollingMonitor - Creating local task monitor for executor 'local' > cpus=16; memory=62.8 GB; capacity=16; pollInterval=100ms; dumpInterval=5m
Jan-03 21:30:09.844 [main] DEBUG n.processor.TaskPollingMonitor - >>> barrier register (monitor: local)
Jan-03 21:30:10.324 [main] DEBUG nextflow.executor.ExecutorFactory - << taskConfig executor: local
Jan-03 21:30:10.324 [main] DEBUG nextflow.executor.ExecutorFactory - >> processorType: 'local'
Jan-03 21:30:10.357 [main] DEBUG nextflow.script.ProcessConfig - Config settings `withName:GATK_JOINTGENOTYPING` matches process GATK_JOINTGENOTYPING
Jan-03 21:30:10.426 [main] DEBUG nextflow.executor.ExecutorFactory - << taskConfig executor: local
Jan-03 21:30:10.426 [main] DEBUG nextflow.executor.ExecutorFactory - >> processorType: 'local'
Jan-03 21:30:10.436 [main] DEBUG nextflow.Session - Workflow process names [dsl2]: GATK_JOINTGENOTYPING, GATK_HAPLOTYPECALLER, SAMTOOLS_INDEX
Jan-03 21:30:10.438 [main] DEBUG nextflow.Session - Igniting dataflow network (4)
Jan-03 21:30:10.443 [main] DEBUG nextflow.processor.TaskProcessor - Starting process > SAMTOOLS_INDEX
Jan-03 21:30:10.444 [main] DEBUG nextflow.processor.TaskProcessor - Starting process > GATK_HAPLOTYPECALLER
Jan-03 21:30:10.444 [main] DEBUG nextflow.processor.TaskProcessor - Starting process > GATK_JOINTGENOTYPING
Jan-03 21:30:10.445 [main] DEBUG nextflow.script.ScriptRunner - Parsed script files:
  Script_a804d96385825d73: /workspace/gitpod/hello-nextflow/hello-config/main.nf
Jan-03 21:30:10.445 [main] DEBUG nextflow.script.ScriptRunner - > Awaiting termination 
Jan-03 21:30:10.445 [main] DEBUG nextflow.Session - Session await
Jan-03 21:30:11.340 [Task submitter] DEBUG n.executor.local.LocalTaskHandler - Launch cmd line: /bin/bash -ue .command.run
Jan-03 21:30:11.343 [Task submitter] INFO  nextflow.Session - [bb/7e6127] Submitted process > SAMTOOLS_INDEX (1)
Jan-03 21:30:11.427 [Task submitter] DEBUG n.executor.local.LocalTaskHandler - Launch cmd line: /bin/bash -ue .command.run
Jan-03 21:30:11.428 [Task submitter] INFO  nextflow.Session - [7f/d4b92e] Submitted process > SAMTOOLS_INDEX (2)
Jan-03 21:30:11.440 [Task submitter] DEBUG n.executor.local.LocalTaskHandler - Launch cmd line: /bin/bash -ue .command.run
Jan-03 21:30:11.440 [Task submitter] INFO  nextflow.Session - [57/8ff553] Submitted process > SAMTOOLS_INDEX (3)
Jan-03 21:30:14.325 [Task monitor] DEBUG n.processor.TaskPollingMonitor - Task completed > TaskHandler[id: 3; name: SAMTOOLS_INDEX (3); status: COMPLETED; exit: 0; error: -; workDir: /workspace/gitpod/hello-nextflow/hello-config/work/57/8ff5532968b81c7f2b6f293a824715]
Jan-03 21:30:14.326 [Task monitor] DEBUG nextflow.util.ThreadPoolBuilder - Creating thread pool 'TaskFinalizer' minSize=10; maxSize=48; workQueue=LinkedBlockingQueue[10000]; allowCoreThreadTimeout=false
Jan-03 21:30:14.362 [Task submitter] DEBUG n.executor.local.LocalTaskHandler - Launch cmd line: /bin/bash -ue .command.run
Jan-03 21:30:14.363 [Task submitter] INFO  nextflow.Session - [1c/deced4] Submitted process > GATK_HAPLOTYPECALLER (1)
Jan-03 21:30:14.441 [Task monitor] DEBUG n.processor.TaskPollingMonitor - Task completed > TaskHandler[id: 2; name: SAMTOOLS_INDEX (2); status: COMPLETED; exit: 0; error: -; workDir: /workspace/gitpod/hello-nextflow/hello-config/work/7f/d4b92eff095d41cd7a0890e64b1ff9]
Jan-03 21:30:14.539 [Task submitter] DEBUG n.executor.local.LocalTaskHandler - Launch cmd line: /bin/bash -ue .command.run
Jan-03 21:30:14.540 [Task submitter] INFO  nextflow.Session - [2e/ab4889] Submitted process > GATK_HAPLOTYPECALLER (2)
Jan-03 21:30:14.724 [Task monitor] DEBUG n.processor.TaskPollingMonitor - Task completed > TaskHandler[id: 1; name: SAMTOOLS_INDEX (1); status: COMPLETED; exit: 0; error: -; workDir: /workspace/gitpod/hello-nextflow/hello-config/work/bb/7e6127363d6e745931ca15640a90ae]
Jan-03 21:30:14.743 [Task submitter] DEBUG n.executor.local.LocalTaskHandler - Launch cmd line: /bin/bash -ue .command.run
Jan-03 21:30:14.744 [Task submitter] INFO  nextflow.Session - [02/227e22] Submitted process > GATK_HAPLOTYPECALLER (3)
Jan-03 21:30:30.551 [Task monitor] DEBUG n.processor.TaskPollingMonitor - Task completed > TaskHandler[id: 4; name: GATK_HAPLOTYPECALLER (1); status: COMPLETED; exit: 0; error: -; workDir: /workspace/gitpod/hello-nextflow/hello-config/work/1c/deced4a37b6db8a8c66eb6d2973de2]
Jan-03 21:30:31.251 [Task monitor] DEBUG n.processor.TaskPollingMonitor - Task completed > TaskHandler[id: 6; name: GATK_HAPLOTYPECALLER (3); status: COMPLETED; exit: 0; error: -; workDir: /workspace/gitpod/hello-nextflow/hello-config/work/02/227e22b8c4f6abafd780ae9014b55b]
Jan-03 21:30:31.313 [Task monitor] DEBUG n.processor.TaskPollingMonitor - Task completed > TaskHandler[id: 5; name: GATK_HAPLOTYPECALLER (2); status: COMPLETED; exit: 0; error: -; workDir: /workspace/gitpod/hello-nextflow/hello-config/work/2e/ab48895c60ea11bd95e40a2318aab5]
Jan-03 21:30:31.337 [Task submitter] DEBUG n.executor.local.LocalTaskHandler - Launch cmd line: /bin/bash -ue .command.run
Jan-03 21:30:31.338 [Task submitter] INFO  nextflow.Session - [e1/a54d09] Submitted process > GATK_JOINTGENOTYPING
Jan-03 21:30:38.956 [Task monitor] DEBUG n.processor.TaskPollingMonitor - Task completed > TaskHandler[id: 7; name: GATK_JOINTGENOTYPING; status: COMPLETED; exit: 0; error: -; workDir: /workspace/gitpod/hello-nextflow/hello-config/work/e1/a54d093415720ce28c560af73e951d]
Jan-03 21:30:38.961 [main] DEBUG nextflow.Session - Session await > all processes finished
Jan-03 21:30:39.056 [Task monitor] DEBUG n.processor.TaskPollingMonitor - <<< barrier arrives (monitor: local) - terminating tasks monitor poll loop
Jan-03 21:30:39.056 [main] DEBUG nextflow.Session - Session await > all barriers passed
Jan-03 21:30:39.059 [main] DEBUG nextflow.util.ThreadPoolManager - Thread pool 'TaskFinalizer' shutdown completed (hard=false)
Jan-03 21:30:39.063 [main] DEBUG n.trace.WorkflowStatsObserver - Workflow completed > WorkflowStats[succeededCount=7; failedCount=0; ignoredCount=0; cachedCount=0; pendingCount=0; submittedCount=0; runningCount=0; retriesCount=0; abortedCount=0; succeedDuration=1m 51s; failedDuration=0ms; cachedDuration=0ms;loadCpus=0; loadMemory=0; peakRunning=4; peakCpus=8; peakMemory=8 GB; ]
Jan-03 21:30:39.165 [main] DEBUG nextflow.cache.CacheDB - Closing CacheDB done
Jan-03 21:30:39.178 [main] DEBUG nextflow.util.ThreadPoolManager - Thread pool 'FileTransfer' shutdown completed (hard=false)
Jan-03 21:30:39.181 [main] DEBUG nextflow.script.ScriptRunner - > Execution complete -- Goodbye
