Jan-04 14:07:02.766 [main] DEBUG nextflow.cli.Launcher - $> nextflow run main.nf -profile my_laptop,demo -resume
Jan-04 14:07:02.864 [main] DEBUG nextflow.cli.CmdRun - N E X T F L O W  ~  version 24.10.0
Jan-04 14:07:02.885 [main] DEBUG nextflow.plugin.PluginsFacade - Setting up plugin manager > mode=prod; embedded=false; plugins-dir=/workspace/gitpod/.nextflow/plugins; core-plugins: nf-amazon@2.9.0,nf-azure@1.10.1,nf-cloudcache@0.4.2,nf-codecommit@0.2.2,nf-console@1.1.4,nf-google@1.15.2,nf-tower@1.9.3,nf-wave@1.7.2
Jan-04 14:07:02.940 [main] INFO  o.pf4j.DefaultPluginStatusProvider - Enabled plugins: []
Jan-04 14:07:02.941 [main] INFO  o.pf4j.DefaultPluginStatusProvider - Disabled plugins: []
Jan-04 14:07:02.944 [main] INFO  org.pf4j.DefaultPluginManager - PF4J version 3.12.0 in 'deployment' mode
Jan-04 14:07:02.958 [main] INFO  org.pf4j.AbstractPluginManager - No plugins
Jan-04 14:07:03.035 [main] DEBUG nextflow.config.ConfigBuilder - Found config local: /workspace/gitpod/hello-nextflow/hello-modules/nextflow.config
Jan-04 14:07:03.040 [main] DEBUG nextflow.config.ConfigBuilder - Parsing config file: /workspace/gitpod/hello-nextflow/hello-modules/nextflow.config
Jan-04 14:07:03.069 [main] DEBUG n.secret.LocalSecretsProvider - Secrets store: /workspace/gitpod/.nextflow/secrets/store.json
Jan-04 14:07:03.072 [main] DEBUG nextflow.secret.SecretsLoader - Discovered secrets providers: [nextflow.secret.LocalSecretsProvider@5a4ed68f] - activable => nextflow.secret.LocalSecretsProvider@5a4ed68f
Jan-04 14:07:03.079 [main] DEBUG nextflow.config.ConfigBuilder - Applying config profile: `my_laptop,demo`
Jan-04 14:07:04.446 [main] DEBUG nextflow.config.ConfigBuilder - Available config profiles: [conda_on, my_laptop, univ_hpc, demo, docker_on]
Jan-04 14:07:04.556 [main] DEBUG nextflow.cli.CmdRun - Applied DSL=2 by global default
Jan-04 14:07:04.625 [main] DEBUG nextflow.cli.CmdRun - Launching `main.nf` [hopeful_archimedes] DSL2 - revision: 41273ddb3b
Jan-04 14:07:04.628 [main] DEBUG nextflow.plugin.PluginsFacade - Plugins default=[]
Jan-04 14:07:04.629 [main] DEBUG nextflow.plugin.PluginsFacade - Plugins resolved requirement=[]
Jan-04 14:07:04.747 [main] DEBUG nextflow.Session - Session UUID: 6011806f-3987-44fe-8745-4d2322703616
Jan-04 14:07:04.748 [main] DEBUG nextflow.Session - Run name: hopeful_archimedes
Jan-04 14:07:04.748 [main] DEBUG nextflow.Session - Executor pool size: 16
Jan-04 14:07:04.760 [main] DEBUG nextflow.file.FilePorter - File porter settings maxRetries=3; maxTransfers=50; pollTimeout=null
Jan-04 14:07:04.770 [main] DEBUG nextflow.util.ThreadPoolBuilder - Creating thread pool 'FileTransfer' minSize=10; maxSize=48; workQueue=LinkedBlockingQueue[10000]; allowCoreThreadTimeout=false
Jan-04 14:07:04.850 [main] DEBUG nextflow.cli.CmdRun - 
  Version: 24.10.0 build 5928
  Created: 27-10-2024 18:36 UTC 
  System: Linux 6.1.91-060191-generic
  Runtime: Groovy 4.0.23 on OpenJDK 64-Bit Server VM 17.0.13-internal+0-adhoc..src
  Encoding: UTF-8 (UTF-8)
  Process: 9839@nextflowio-training-imose2nk7dy [127.0.0.1]
  CPUs: 16 - Mem: 62.8 GB (31.2 GB) - Swap: 375 GB (374.9 GB)
Jan-04 14:07:04.941 [main] DEBUG nextflow.Session - Work-dir: /workspace/gitpod/hello-nextflow/hello-modules/work [xfs]
Jan-04 14:07:04.942 [main] DEBUG nextflow.Session - Script base path does not exist or is not a directory: /workspace/gitpod/hello-nextflow/hello-modules/bin
Jan-04 14:07:04.953 [main] DEBUG nextflow.executor.ExecutorFactory - Extension executors providers=[]
Jan-04 14:07:04.962 [main] DEBUG nextflow.Session - Observer factory: DefaultObserverFactory
Jan-04 14:07:04.996 [main] DEBUG nextflow.cache.CacheFactory - Using Nextflow cache factory: nextflow.cache.DefaultCacheFactory
Jan-04 14:07:05.040 [main] DEBUG nextflow.util.CustomThreadPool - Creating default thread pool > poolSize: 17; maxThreads: 1000
Jan-04 14:07:05.106 [main] DEBUG nextflow.Session - Session start
Jan-04 14:07:06.132 [main] DEBUG nextflow.script.ScriptRunner - > Launching execution
Jan-04 14:07:06.673 [main] DEBUG nextflow.executor.ExecutorFactory - << taskConfig executor: local
Jan-04 14:07:06.674 [main] DEBUG nextflow.executor.ExecutorFactory - >> processorType: 'local'
Jan-04 14:07:06.722 [main] DEBUG nextflow.executor.Executor - [warm up] executor > local
Jan-04 14:07:06.733 [main] DEBUG n.processor.LocalPollingMonitor - Creating local task monitor for executor 'local' > cpus=16; memory=62.8 GB; capacity=16; pollInterval=100ms; dumpInterval=5m
Jan-04 14:07:06.737 [main] DEBUG n.processor.TaskPollingMonitor - >>> barrier register (monitor: local)
Jan-04 14:07:06.942 [main] DEBUG nextflow.executor.ExecutorFactory - << taskConfig executor: local
Jan-04 14:07:06.943 [main] DEBUG nextflow.executor.ExecutorFactory - >> processorType: 'local'
Jan-04 14:07:07.019 [main] DEBUG nextflow.script.ProcessConfig - Config settings `withName:GATK_JOINTGENOTYPING` matches process GATK_JOINTGENOTYPING
Jan-04 14:07:07.030 [main] DEBUG nextflow.executor.ExecutorFactory - << taskConfig executor: local
Jan-04 14:07:07.031 [main] DEBUG nextflow.executor.ExecutorFactory - >> processorType: 'local'
Jan-04 14:07:07.045 [main] DEBUG nextflow.Session - Workflow process names [dsl2]: GATK_JOINTGENOTYPING, GATK_HAPLOTYPECALLER, SAMTOOLS_INDEX
Jan-04 14:07:07.046 [main] DEBUG nextflow.Session - Igniting dataflow network (4)
Jan-04 14:07:07.058 [main] DEBUG nextflow.processor.TaskProcessor - Starting process > SAMTOOLS_INDEX
Jan-04 14:07:07.064 [main] DEBUG nextflow.processor.TaskProcessor - Starting process > GATK_HAPLOTYPECALLER
Jan-04 14:07:07.065 [main] DEBUG nextflow.processor.TaskProcessor - Starting process > GATK_JOINTGENOTYPING
Jan-04 14:07:07.066 [main] DEBUG nextflow.script.ScriptRunner - Parsed script files:
  Script_352d67e33f715a83: /workspace/gitpod/hello-nextflow/hello-modules/./modules/local/samtools/index/main.nf
  Script_1040c6c12d428e7e: /workspace/gitpod/hello-nextflow/hello-modules/main.nf
Jan-04 14:07:07.066 [main] DEBUG nextflow.script.ScriptRunner - > Awaiting termination 
Jan-04 14:07:07.066 [main] DEBUG nextflow.Session - Session await
Jan-04 14:07:07.531 [Actor Thread 9] INFO  nextflow.processor.TaskProcessor - [1a/46eb53] Cached process > SAMTOOLS_INDEX (1)
Jan-04 14:07:07.532 [Actor Thread 11] INFO  nextflow.processor.TaskProcessor - [d2/551da6] Cached process > SAMTOOLS_INDEX (2)
Jan-04 14:07:07.535 [Actor Thread 13] INFO  nextflow.processor.TaskProcessor - [0a/8f9b44] Cached process > SAMTOOLS_INDEX (3)
Jan-04 14:07:07.633 [Actor Thread 10] INFO  nextflow.processor.TaskProcessor - [4f/c600df] Cached process > GATK_HAPLOTYPECALLER (3)
Jan-04 14:07:07.636 [Actor Thread 14] INFO  nextflow.processor.TaskProcessor - [a7/cc4db3] Cached process > GATK_HAPLOTYPECALLER (1)
Jan-04 14:07:07.641 [Actor Thread 12] INFO  nextflow.processor.TaskProcessor - [4f/97e066] Cached process > GATK_HAPLOTYPECALLER (2)
Jan-04 14:07:07.734 [Actor Thread 14] INFO  nextflow.processor.TaskProcessor - [86/e6080c] Cached process > GATK_JOINTGENOTYPING
Jan-04 14:07:07.740 [main] DEBUG nextflow.Session - Session await > all processes finished
Jan-04 14:07:07.747 [Task monitor] DEBUG n.processor.TaskPollingMonitor - <<< barrier arrives (monitor: local) - terminating tasks monitor poll loop
Jan-04 14:07:07.747 [main] DEBUG nextflow.Session - Session await > all barriers passed
Jan-04 14:07:07.752 [main] DEBUG n.trace.WorkflowStatsObserver - Workflow completed > WorkflowStats[succeededCount=0; failedCount=0; ignoredCount=0; cachedCount=7; pendingCount=0; submittedCount=0; runningCount=0; retriesCount=0; abortedCount=0; succeedDuration=0ms; failedDuration=0ms; cachedDuration=2m 4s;loadCpus=0; loadMemory=0; peakRunning=0; peakCpus=0; peakMemory=0; ]
Jan-04 14:07:07.968 [main] DEBUG nextflow.cache.CacheDB - Closing CacheDB done
Jan-04 14:07:07.979 [main] DEBUG nextflow.util.ThreadPoolManager - Thread pool 'FileTransfer' shutdown completed (hard=false)
Jan-04 14:07:07.979 [main] DEBUG nextflow.script.ScriptRunner - > Execution complete -- Goodbye
