Using GATK jar /opt/conda/share/gatk4-4.5.0.0-0/gatk-package-4.5.0.0-local.jar
Running:
    java -Dsamjdk.use_async_io_read_samtools=false -Dsamjdk.use_async_io_write_samtools=true -Dsamjdk.use_async_io_write_tribble=false -Dsamjdk.compression_level=2 -jar /opt/conda/share/gatk4-4.5.0.0-0/gatk-package-4.5.0.0-local.jar GenomicsDBImport -V reads_mother.bam.g.vcf -V reads_son.bam.g.vcf -V reads_father.bam.g.vcf -L intervals.bed --genomicsdb-workspace-path family_trio_gdb
21:07:27.800 INFO  NativeLibraryLoader - Loading libgkl_compression.so from jar:file:/opt/conda/share/gatk4-4.5.0.0-0/gatk-package-4.5.0.0-local.jar!/com/intel/gkl/native/libgkl_compression.so
21:07:27.932 INFO  GenomicsDBImport - ------------------------------------------------------------
21:07:27.935 INFO  GenomicsDBImport - The Genome Analysis Toolkit (GATK) v4.5.0.0
21:07:27.935 INFO  GenomicsDBImport - For support and documentation go to https://software.broadinstitute.org/gatk/
21:07:27.935 INFO  GenomicsDBImport - Executing as root@54d1b9a72713 on Linux v6.1.91-060191-generic amd64
21:07:27.935 INFO  GenomicsDBImport - Java runtime: OpenJDK 64-Bit Server VM v17.0.11-internal+0-adhoc..src
21:07:27.935 INFO  GenomicsDBImport - Start Date/Time: January 3, 2025 at 9:07:27 PM GMT
21:07:27.936 INFO  GenomicsDBImport - ------------------------------------------------------------
21:07:27.936 INFO  GenomicsDBImport - ------------------------------------------------------------
21:07:27.936 INFO  GenomicsDBImport - HTSJDK Version: 4.1.0
21:07:27.937 INFO  GenomicsDBImport - Picard Version: 3.1.1
21:07:27.937 INFO  GenomicsDBImport - Built for Spark Version: 3.5.0
21:07:27.937 INFO  GenomicsDBImport - HTSJDK Defaults.COMPRESSION_LEVEL : 2
21:07:27.937 INFO  GenomicsDBImport - HTSJDK Defaults.USE_ASYNC_IO_READ_FOR_SAMTOOLS : false
21:07:27.937 INFO  GenomicsDBImport - HTSJDK Defaults.USE_ASYNC_IO_WRITE_FOR_SAMTOOLS : true
21:07:27.938 INFO  GenomicsDBImport - HTSJDK Defaults.USE_ASYNC_IO_WRITE_FOR_TRIBBLE : false
21:07:27.938 INFO  GenomicsDBImport - Deflater: IntelDeflater
21:07:27.938 INFO  GenomicsDBImport - Inflater: IntelInflater
21:07:27.938 INFO  GenomicsDBImport - GCS max retries/reopens: 20
21:07:27.938 INFO  GenomicsDBImport - Requester pays: disabled
21:07:27.939 INFO  GenomicsDBImport - Initializing engine
21:07:28.175 INFO  FeatureManager - Using codec BEDCodec to read file file:///workspace/gitpod/hello-nextflow/hello-config/work/b5/315025cfd8ef89dfa0b322aaca5487/intervals.bed
21:07:28.178 INFO  IntervalArgumentCollection - Processing 6369 bp from intervals
21:07:28.180 INFO  GenomicsDBImport - Done initializing engine
21:07:28.559 INFO  GenomicsDBLibLoader - GenomicsDB native library version : 1.5.1-84e800e
21:07:28.560 INFO  GenomicsDBImport - Vid Map JSON file will be written to /workspace/gitpod/hello-nextflow/hello-config/work/b5/315025cfd8ef89dfa0b322aaca5487/family_trio_gdb/vidmap.json
21:07:28.560 INFO  GenomicsDBImport - Callset Map JSON file will be written to /workspace/gitpod/hello-nextflow/hello-config/work/b5/315025cfd8ef89dfa0b322aaca5487/family_trio_gdb/callset.json
21:07:28.560 INFO  GenomicsDBImport - Complete VCF Header will be written to /workspace/gitpod/hello-nextflow/hello-config/work/b5/315025cfd8ef89dfa0b322aaca5487/family_trio_gdb/vcfheader.vcf
21:07:28.561 INFO  GenomicsDBImport - Importing to workspace - /workspace/gitpod/hello-nextflow/hello-config/work/b5/315025cfd8ef89dfa0b322aaca5487/family_trio_gdb
21:07:28.698 INFO  GenomicsDBImport - Importing batch 1 with 3 samples
21:07:28.851 INFO  GenomicsDBImport - Importing batch 1 with 3 samples
21:07:28.934 INFO  GenomicsDBImport - Importing batch 1 with 3 samples
21:07:29.001 INFO  GenomicsDBImport - Done importing batch 1/1
21:07:29.002 INFO  GenomicsDBImport - Import completed!
21:07:29.002 INFO  GenomicsDBImport - Shutting down engine
[January 3, 2025 at 9:07:29 PM GMT] org.broadinstitute.hellbender.tools.genomicsdb.GenomicsDBImport done. Elapsed time: 0.02 minutes.
Runtime.totalMemory()=111149056
Using GATK jar /opt/conda/share/gatk4-4.5.0.0-0/gatk-package-4.5.0.0-local.jar
Running:
    java -Dsamjdk.use_async_io_read_samtools=false -Dsamjdk.use_async_io_write_samtools=true -Dsamjdk.use_async_io_write_tribble=false -Dsamjdk.compression_level=2 -jar /opt/conda/share/gatk4-4.5.0.0-0/gatk-package-4.5.0.0-local.jar GenotypeGVCFs -R ref.fasta -V gendb://family_trio_gdb -L intervals.bed -O family_trio.joint.vcf
21:07:30.698 INFO  NativeLibraryLoader - Loading libgkl_compression.so from jar:file:/opt/conda/share/gatk4-4.5.0.0-0/gatk-package-4.5.0.0-local.jar!/com/intel/gkl/native/libgkl_compression.so
21:07:30.846 INFO  GenotypeGVCFs - ------------------------------------------------------------
21:07:30.849 INFO  GenotypeGVCFs - The Genome Analysis Toolkit (GATK) v4.5.0.0
21:07:30.849 INFO  GenotypeGVCFs - For support and documentation go to https://software.broadinstitute.org/gatk/
21:07:30.849 INFO  GenotypeGVCFs - Executing as root@54d1b9a72713 on Linux v6.1.91-060191-generic amd64
21:07:30.849 INFO  GenotypeGVCFs - Java runtime: OpenJDK 64-Bit Server VM v17.0.11-internal+0-adhoc..src
21:07:30.849 INFO  GenotypeGVCFs - Start Date/Time: January 3, 2025 at 9:07:30 PM GMT
21:07:30.850 INFO  GenotypeGVCFs - ------------------------------------------------------------
21:07:30.850 INFO  GenotypeGVCFs - ------------------------------------------------------------
21:07:30.850 INFO  GenotypeGVCFs - HTSJDK Version: 4.1.0
21:07:30.850 INFO  GenotypeGVCFs - Picard Version: 3.1.1
21:07:30.851 INFO  GenotypeGVCFs - Built for Spark Version: 3.5.0
21:07:30.851 INFO  GenotypeGVCFs - HTSJDK Defaults.COMPRESSION_LEVEL : 2
21:07:30.851 INFO  GenotypeGVCFs - HTSJDK Defaults.USE_ASYNC_IO_READ_FOR_SAMTOOLS : false
21:07:30.851 INFO  GenotypeGVCFs - HTSJDK Defaults.USE_ASYNC_IO_WRITE_FOR_SAMTOOLS : true
21:07:30.852 INFO  GenotypeGVCFs - HTSJDK Defaults.USE_ASYNC_IO_WRITE_FOR_TRIBBLE : false
21:07:30.852 INFO  GenotypeGVCFs - Deflater: IntelDeflater
21:07:30.852 INFO  GenotypeGVCFs - Inflater: IntelInflater
21:07:30.852 INFO  GenotypeGVCFs - GCS max retries/reopens: 20
21:07:30.852 INFO  GenotypeGVCFs - Requester pays: disabled
21:07:30.853 INFO  GenotypeGVCFs - Initializing engine
21:07:31.176 INFO  GenomicsDBLibLoader - GenomicsDB native library version : 1.5.1-84e800e
21:07:31.215 INFO  NativeGenomicsDB - pid=312 tid=313 No valid combination operation found for INFO field InbreedingCoeff  - the field will NOT be part of INFO fields in the generated VCF records
21:07:31.215 INFO  NativeGenomicsDB - pid=312 tid=313 No valid combination operation found for INFO field MLEAC  - the field will NOT be part of INFO fields in the generated VCF records
21:07:31.215 INFO  NativeGenomicsDB - pid=312 tid=313 No valid combination operation found for INFO field MLEAF  - the field will NOT be part of INFO fields in the generated VCF records
21:07:31.265 INFO  FeatureManager - Using codec BEDCodec to read file file:///workspace/gitpod/hello-nextflow/hello-config/work/b5/315025cfd8ef89dfa0b322aaca5487/intervals.bed
21:07:31.277 INFO  IntervalArgumentCollection - Processing 6369 bp from intervals
21:07:31.281 INFO  GenotypeGVCFs - Done initializing engine
21:07:31.308 INFO  ProgressMeter - Starting traversal
21:07:31.308 INFO  ProgressMeter -        Current Locus  Elapsed Minutes    Variants Processed  Variants/Minute
21:07:31.667 WARN  InbreedingCoeff - InbreedingCoeff will not be calculated at position 20_10037292_10066351:3480 and possibly subsequent; at least 10 samples must have called genotypes
GENOMICSDB_TIMER,GenomicsDB iterator next() timer,Wall-clock time(s),0.05888787599999992,Cpu time(s),0.038269872
GENOMICSDB_TIMER,GenomicsDB iterator next() timer,Wall-clock time(s),0.018855978,Cpu time(s),0.016884440000000014
GENOMICSDB_TIMER,GenomicsDB iterator next() timer,Wall-clock time(s),0.009257192999999992,Cpu time(s),0.008475572000000006
21:07:32.281 INFO  ProgressMeter - 20_10037292_10066351:13953              0.0                  3390         209259.3
21:07:32.281 INFO  ProgressMeter - Traversal complete. Processed 3390 total variants in 0.0 minutes.
21:07:32.283 INFO  GenotypeGVCFs - Shutting down engine
[January 3, 2025 at 9:07:32 PM GMT] org.broadinstitute.hellbender.tools.walkers.GenotypeGVCFs done. Elapsed time: 0.03 minutes.
Runtime.totalMemory()=111149056
