Using GATK jar /opt/conda/share/gatk4-4.5.0.0-0/gatk-package-4.5.0.0-local.jar
Running:
    java -Dsamjdk.use_async_io_read_samtools=false -Dsamjdk.use_async_io_write_samtools=true -Dsamjdk.use_async_io_write_tribble=false -Dsamjdk.compression_level=2 -jar /opt/conda/share/gatk4-4.5.0.0-0/gatk-package-4.5.0.0-local.jar GenomicsDBImport -V reads_son.bam.g.vcf -V reads_mother.bam.g.vcf -V reads_father.bam.g.vcf -L intervals.bed --genomicsdb-workspace-path family_trio_gdb
21:03:48.165 INFO  NativeLibraryLoader - Loading libgkl_compression.so from jar:file:/opt/conda/share/gatk4-4.5.0.0-0/gatk-package-4.5.0.0-local.jar!/com/intel/gkl/native/libgkl_compression.so
21:03:48.378 INFO  GenomicsDBImport - ------------------------------------------------------------
21:03:48.380 INFO  GenomicsDBImport - The Genome Analysis Toolkit (GATK) v4.5.0.0
21:03:48.380 INFO  GenomicsDBImport - For support and documentation go to https://software.broadinstitute.org/gatk/
21:03:48.381 INFO  GenomicsDBImport - Executing as root@49d012e9c152 on Linux v6.1.91-060191-generic amd64
21:03:48.381 INFO  GenomicsDBImport - Java runtime: OpenJDK 64-Bit Server VM v17.0.11-internal+0-adhoc..src
21:03:48.381 INFO  GenomicsDBImport - Start Date/Time: January 3, 2025 at 9:03:48 PM GMT
21:03:48.381 INFO  GenomicsDBImport - ------------------------------------------------------------
21:03:48.381 INFO  GenomicsDBImport - ------------------------------------------------------------
21:03:48.382 INFO  GenomicsDBImport - HTSJDK Version: 4.1.0
21:03:48.382 INFO  GenomicsDBImport - Picard Version: 3.1.1
21:03:48.382 INFO  GenomicsDBImport - Built for Spark Version: 3.5.0
21:03:48.383 INFO  GenomicsDBImport - HTSJDK Defaults.COMPRESSION_LEVEL : 2
21:03:48.383 INFO  GenomicsDBImport - HTSJDK Defaults.USE_ASYNC_IO_READ_FOR_SAMTOOLS : false
21:03:48.383 INFO  GenomicsDBImport - HTSJDK Defaults.USE_ASYNC_IO_WRITE_FOR_SAMTOOLS : true
21:03:48.383 INFO  GenomicsDBImport - HTSJDK Defaults.USE_ASYNC_IO_WRITE_FOR_TRIBBLE : false
21:03:48.383 INFO  GenomicsDBImport - Deflater: IntelDeflater
21:03:48.384 INFO  GenomicsDBImport - Inflater: IntelInflater
21:03:48.384 INFO  GenomicsDBImport - GCS max retries/reopens: 20
21:03:48.384 INFO  GenomicsDBImport - Requester pays: disabled
21:03:48.384 INFO  GenomicsDBImport - Initializing engine
21:03:48.640 INFO  FeatureManager - Using codec BEDCodec to read file file:///workspace/gitpod/hello-nextflow/hello-config/work/49/c2d79fab2cca01c9b6f6f8f096e31f/intervals.bed
21:03:48.645 INFO  IntervalArgumentCollection - Processing 6369 bp from intervals
21:03:48.657 INFO  GenomicsDBImport - Done initializing engine
21:03:48.894 INFO  GenomicsDBLibLoader - GenomicsDB native library version : 1.5.1-84e800e
21:03:48.894 INFO  GenomicsDBImport - Vid Map JSON file will be written to /workspace/gitpod/hello-nextflow/hello-config/work/49/c2d79fab2cca01c9b6f6f8f096e31f/family_trio_gdb/vidmap.json
21:03:48.894 INFO  GenomicsDBImport - Callset Map JSON file will be written to /workspace/gitpod/hello-nextflow/hello-config/work/49/c2d79fab2cca01c9b6f6f8f096e31f/family_trio_gdb/callset.json
21:03:48.895 INFO  GenomicsDBImport - Complete VCF Header will be written to /workspace/gitpod/hello-nextflow/hello-config/work/49/c2d79fab2cca01c9b6f6f8f096e31f/family_trio_gdb/vcfheader.vcf
21:03:48.895 INFO  GenomicsDBImport - Importing to workspace - /workspace/gitpod/hello-nextflow/hello-config/work/49/c2d79fab2cca01c9b6f6f8f096e31f/family_trio_gdb
21:03:49.090 INFO  GenomicsDBImport - Importing batch 1 with 3 samples
21:03:49.271 INFO  GenomicsDBImport - Importing batch 1 with 3 samples
21:03:49.377 INFO  GenomicsDBImport - Importing batch 1 with 3 samples
21:03:49.471 INFO  GenomicsDBImport - Done importing batch 1/1
21:03:49.472 INFO  GenomicsDBImport - Import completed!
21:03:49.472 INFO  GenomicsDBImport - Shutting down engine
[January 3, 2025 at 9:03:49 PM GMT] org.broadinstitute.hellbender.tools.genomicsdb.GenomicsDBImport done. Elapsed time: 0.02 minutes.
Runtime.totalMemory()=114294784
Tool returned:
true
Using GATK jar /opt/conda/share/gatk4-4.5.0.0-0/gatk-package-4.5.0.0-local.jar
Running:
    java -Dsamjdk.use_async_io_read_samtools=false -Dsamjdk.use_async_io_write_samtools=true -Dsamjdk.use_async_io_write_tribble=false -Dsamjdk.compression_level=2 -jar /opt/conda/share/gatk4-4.5.0.0-0/gatk-package-4.5.0.0-local.jar GenotypeGVCFs -R ref.fasta -V gendb://family_trio_gdb -L intervals.bed -O family_trio.joint.vcf
21:03:51.548 INFO  NativeLibraryLoader - Loading libgkl_compression.so from jar:file:/opt/conda/share/gatk4-4.5.0.0-0/gatk-package-4.5.0.0-local.jar!/com/intel/gkl/native/libgkl_compression.so
21:03:51.759 INFO  GenotypeGVCFs - ------------------------------------------------------------
21:03:51.762 INFO  GenotypeGVCFs - The Genome Analysis Toolkit (GATK) v4.5.0.0
21:03:51.762 INFO  GenotypeGVCFs - For support and documentation go to https://software.broadinstitute.org/gatk/
21:03:51.762 INFO  GenotypeGVCFs - Executing as root@49d012e9c152 on Linux v6.1.91-060191-generic amd64
21:03:51.762 INFO  GenotypeGVCFs - Java runtime: OpenJDK 64-Bit Server VM v17.0.11-internal+0-adhoc..src
21:03:51.763 INFO  GenotypeGVCFs - Start Date/Time: January 3, 2025 at 9:03:51 PM GMT
21:03:51.763 INFO  GenotypeGVCFs - ------------------------------------------------------------
21:03:51.763 INFO  GenotypeGVCFs - ------------------------------------------------------------
21:03:51.764 INFO  GenotypeGVCFs - HTSJDK Version: 4.1.0
21:03:51.764 INFO  GenotypeGVCFs - Picard Version: 3.1.1
21:03:51.764 INFO  GenotypeGVCFs - Built for Spark Version: 3.5.0
21:03:51.764 INFO  GenotypeGVCFs - HTSJDK Defaults.COMPRESSION_LEVEL : 2
21:03:51.765 INFO  GenotypeGVCFs - HTSJDK Defaults.USE_ASYNC_IO_READ_FOR_SAMTOOLS : false
21:03:51.765 INFO  GenotypeGVCFs - HTSJDK Defaults.USE_ASYNC_IO_WRITE_FOR_SAMTOOLS : true
21:03:51.765 INFO  GenotypeGVCFs - HTSJDK Defaults.USE_ASYNC_IO_WRITE_FOR_TRIBBLE : false
21:03:51.765 INFO  GenotypeGVCFs - Deflater: IntelDeflater
21:03:51.765 INFO  GenotypeGVCFs - Inflater: IntelInflater
21:03:51.766 INFO  GenotypeGVCFs - GCS max retries/reopens: 20
21:03:51.766 INFO  GenotypeGVCFs - Requester pays: disabled
21:03:51.766 INFO  GenotypeGVCFs - Initializing engine
21:03:52.141 INFO  GenomicsDBLibLoader - GenomicsDB native library version : 1.5.1-84e800e
21:03:52.179 INFO  NativeGenomicsDB - pid=385 tid=386 No valid combination operation found for INFO field InbreedingCoeff  - the field will NOT be part of INFO fields in the generated VCF records
21:03:52.179 INFO  NativeGenomicsDB - pid=385 tid=386 No valid combination operation found for INFO field MLEAC  - the field will NOT be part of INFO fields in the generated VCF records
21:03:52.179 INFO  NativeGenomicsDB - pid=385 tid=386 No valid combination operation found for INFO field MLEAF  - the field will NOT be part of INFO fields in the generated VCF records
21:03:52.219 INFO  FeatureManager - Using codec BEDCodec to read file file:///workspace/gitpod/hello-nextflow/hello-config/work/49/c2d79fab2cca01c9b6f6f8f096e31f/intervals.bed
21:03:52.248 INFO  IntervalArgumentCollection - Processing 6369 bp from intervals
21:03:52.253 INFO  GenotypeGVCFs - Done initializing engine
21:03:52.284 INFO  ProgressMeter - Starting traversal
21:03:52.285 INFO  ProgressMeter -        Current Locus  Elapsed Minutes    Variants Processed  Variants/Minute
21:03:52.673 WARN  InbreedingCoeff - InbreedingCoeff will not be calculated at position 20_10037292_10066351:3480 and possibly subsequent; at least 10 samples must have called genotypes
GENOMICSDB_TIMER,GenomicsDB iterator next() timer,Wall-clock time(s),0.10083598200000007,Cpu time(s),0.044827169999999916
GENOMICSDB_TIMER,GenomicsDB iterator next() timer,Wall-clock time(s),0.02214728600000002,Cpu time(s),0.01864317600000002
GENOMICSDB_TIMER,GenomicsDB iterator next() timer,Wall-clock time(s),0.013531760000000002,Cpu time(s),0.010067826000000016
21:03:53.555 INFO  ProgressMeter - 20_10037292_10066351:13953              0.0                  3390         160536.7
21:03:53.555 INFO  ProgressMeter - Traversal complete. Processed 3390 total variants in 0.0 minutes.
21:03:53.558 INFO  GenotypeGVCFs - Shutting down engine
[January 3, 2025 at 9:03:53 PM GMT] org.broadinstitute.hellbender.tools.walkers.GenotypeGVCFs done. Elapsed time: 0.03 minutes.
Runtime.totalMemory()=164626432
